{"C:\\Users\\yamil.zavala\\Documents\\Anothers\\Full-Stack\\19.administracion-de-productos\\server\\src\\server.ts": {"path":"C:\\Users\\yamil.zavala\\Documents\\Anothers\\Full-Stack\\19.administracion-de-productos\\server\\src\\server.ts","statementMap":{"0":{"start":{"line":1,"column":0},"end":{"line":1,"column":30}},"1":{"start":{"line":2,"column":0},"end":{"line":2,"column":28}},"2":{"start":{"line":3,"column":0},"end":{"line":3,"column":28}},"3":{"start":{"line":4,"column":0},"end":{"line":4,"column":53}},"4":{"start":{"line":8,"column":4},"end":{"line":15,"column":5}},"5":{"start":{"line":9,"column":7},"end":{"line":9,"column":31}},"6":{"start":{"line":10,"column":7},"end":{"line":10,"column":null}},"7":{"start":{"line":13,"column":8},"end":{"line":13,"column":null}},"8":{"start":{"line":14,"column":8},"end":{"line":14,"column":null}},"9":{"start":{"line":17,"column":0},"end":{"line":17,"column":12}},"10":{"start":{"line":20,"column":15},"end":{"line":20,"column":24}},"11":{"start":{"line":23,"column":0},"end":{"line":23,"column":null}},"12":{"start":{"line":26,"column":0},"end":{"line":26,"column":null}},"13":{"start":{"line":28,"column":0},"end":{"line":30,"column":null}},"14":{"start":{"line":29,"column":4},"end":{"line":29,"column":null}},"15":{"start":{"line":32,"column":0},"end":{"line":32,"column":22}}},"fnMap":{"0":{"name":"connectDB","decl":{"start":{"line":7,"column":15},"end":{"line":7,"column":24}},"loc":{"start":{"line":7,"column":24},"end":{"line":16,"column":1}}},"1":{"name":"(anonymous_2)","decl":{"start":{"line":28,"column":19},"end":{"line":28,"column":20}},"loc":{"start":{"line":28,"column":32},"end":{"line":30,"column":1}}}},"branchMap":{},"s":{"0":2,"1":2,"2":2,"3":2,"4":2,"5":2,"6":1,"7":0,"8":0,"9":2,"10":2,"11":2,"12":2,"13":2,"14":1,"15":2},"f":{"0":2,"1":1},"b":{}}
,"C:\\Users\\yamil.zavala\\Documents\\Anothers\\Full-Stack\\19.administracion-de-productos\\server\\src\\config\\db.ts": {"path":"C:\\Users\\yamil.zavala\\Documents\\Anothers\\Full-Stack\\19.administracion-de-productos\\server\\src\\config\\db.ts","statementMap":{"0":{"start":{"line":1,"column":0},"end":{"line":1,"column":47}},"1":{"start":{"line":2,"column":0},"end":{"line":2,"column":28}},"2":{"start":{"line":3,"column":0},"end":{"line":3,"column":null}},"3":{"start":{"line":5,"column":11},"end":{"line":8,"column":2}},"4":{"start":{"line":10,"column":0},"end":{"line":10,"column":18}}},"fnMap":{},"branchMap":{},"s":{"0":2,"1":2,"2":2,"3":2,"4":2},"f":{},"b":{}}
,"C:\\Users\\yamil.zavala\\Documents\\Anothers\\Full-Stack\\19.administracion-de-productos\\server\\src\\controllers\\product.controller.ts": {"path":"C:\\Users\\yamil.zavala\\Documents\\Anothers\\Full-Stack\\19.administracion-de-productos\\server\\src\\controllers\\product.controller.ts","statementMap":{"0":{"start":{"line":2,"column":0},"end":{"line":2,"column":45}},"1":{"start":{"line":4,"column":20},"end":{"line":12,"column":1}},"2":{"start":{"line":5,"column":21},"end":{"line":10,"column":6}},"3":{"start":{"line":11,"column":4},"end":{"line":11,"column":null}},"4":{"start":{"line":72,"column":4},"end":{"line":72,"column":15}},"5":{"start":{"line":14,"column":23},"end":{"line":23,"column":1}},"6":{"start":{"line":15,"column":28},"end":{"line":15,"column":38}},"7":{"start":{"line":16,"column":20},"end":{"line":16,"column":53}},"8":{"start":{"line":17,"column":4},"end":{"line":20,"column":5}},"9":{"start":{"line":18,"column":8},"end":{"line":18,"column":59}},"10":{"start":{"line":19,"column":8},"end":{"line":19,"column":14}},"11":{"start":{"line":22,"column":4},"end":{"line":22,"column":null}},"12":{"start":{"line":73,"column":4},"end":{"line":73,"column":18}},"13":{"start":{"line":25,"column":22},"end":{"line":32,"column":1}},"14":{"start":{"line":26,"column":4},"end":{"line":31,"column":5}},"15":{"start":{"line":27,"column":24},"end":{"line":27,"column":54}},"16":{"start":{"line":28,"column":8},"end":{"line":28,"column":null}},"17":{"start":{"line":30,"column":8},"end":{"line":30,"column":null}},"18":{"start":{"line":76,"column":4},"end":{"line":76,"column":17}},"19":{"start":{"line":34,"column":22},"end":{"line":43,"column":1}},"20":{"start":{"line":35,"column":28},"end":{"line":35,"column":38}},"21":{"start":{"line":36,"column":20},"end":{"line":36,"column":53}},"22":{"start":{"line":37,"column":4},"end":{"line":40,"column":5}},"23":{"start":{"line":38,"column":8},"end":{"line":38,"column":59}},"24":{"start":{"line":39,"column":8},"end":{"line":39,"column":15}},"25":{"start":{"line":41,"column":4},"end":{"line":41,"column":28}},"26":{"start":{"line":42,"column":4},"end":{"line":42,"column":null}},"27":{"start":{"line":74,"column":4},"end":{"line":74,"column":17}},"28":{"start":{"line":45,"column":22},"end":{"line":56,"column":1}},"29":{"start":{"line":46,"column":28},"end":{"line":46,"column":38}},"30":{"start":{"line":47,"column":20},"end":{"line":47,"column":53}},"31":{"start":{"line":48,"column":4},"end":{"line":51,"column":5}},"32":{"start":{"line":49,"column":7},"end":{"line":49,"column":58}},"33":{"start":{"line":50,"column":7},"end":{"line":50,"column":14}},"34":{"start":{"line":53,"column":4},"end":{"line":53,"column":null}},"35":{"start":{"line":54,"column":4},"end":{"line":54,"column":25}},"36":{"start":{"line":55,"column":4},"end":{"line":55,"column":43}},"37":{"start":{"line":75,"column":4},"end":{"line":75,"column":17}},"38":{"start":{"line":58,"column":26},"end":{"line":69,"column":1}},"39":{"start":{"line":59,"column":28},"end":{"line":59,"column":38}},"40":{"start":{"line":60,"column":20},"end":{"line":60,"column":53}},"41":{"start":{"line":61,"column":4},"end":{"line":64,"column":5}},"42":{"start":{"line":62,"column":7},"end":{"line":62,"column":58}},"43":{"start":{"line":63,"column":7},"end":{"line":63,"column":14}},"44":{"start":{"line":66,"column":4},"end":{"line":66,"column":60}},"45":{"start":{"line":67,"column":4},"end":{"line":67,"column":25}},"46":{"start":{"line":68,"column":4},"end":{"line":68,"column":43}},"47":{"start":{"line":77,"column":4},"end":{"line":77,"column":21}}},"fnMap":{"0":{"name":"(anonymous_1)","decl":{"start":{"line":4,"column":20},"end":{"line":4,"column":25}},"loc":{"start":{"line":4,"column":73},"end":{"line":12,"column":1}}},"1":{"name":"(anonymous_2)","decl":{"start":{"line":14,"column":23},"end":{"line":14,"column":28}},"loc":{"start":{"line":14,"column":76},"end":{"line":23,"column":1}}},"2":{"name":"(anonymous_3)","decl":{"start":{"line":25,"column":22},"end":{"line":25,"column":27}},"loc":{"start":{"line":25,"column":75},"end":{"line":32,"column":1}}},"3":{"name":"(anonymous_4)","decl":{"start":{"line":34,"column":22},"end":{"line":34,"column":27}},"loc":{"start":{"line":34,"column":75},"end":{"line":43,"column":1}}},"4":{"name":"(anonymous_5)","decl":{"start":{"line":45,"column":22},"end":{"line":45,"column":27}},"loc":{"start":{"line":45,"column":75},"end":{"line":56,"column":1}}},"5":{"name":"(anonymous_6)","decl":{"start":{"line":58,"column":26},"end":{"line":58,"column":31}},"loc":{"start":{"line":58,"column":79},"end":{"line":69,"column":1}}}},"branchMap":{"0":{"loc":{"start":{"line":17,"column":4},"end":{"line":20,"column":5}},"type":"if","locations":[{"start":{"line":17,"column":4},"end":{"line":20,"column":5}}]},"1":{"loc":{"start":{"line":37,"column":4},"end":{"line":40,"column":5}},"type":"if","locations":[{"start":{"line":37,"column":4},"end":{"line":40,"column":5}}]},"2":{"loc":{"start":{"line":48,"column":4},"end":{"line":51,"column":5}},"type":"if","locations":[{"start":{"line":48,"column":4},"end":{"line":51,"column":5}}]},"3":{"loc":{"start":{"line":61,"column":4},"end":{"line":64,"column":5}},"type":"if","locations":[{"start":{"line":61,"column":4},"end":{"line":64,"column":5}}]}},"s":{"0":2,"1":2,"2":2,"3":2,"4":2,"5":2,"6":3,"7":3,"8":3,"9":1,"10":1,"11":2,"12":2,"13":2,"14":1,"15":1,"16":1,"17":0,"18":2,"19":2,"20":2,"21":2,"22":2,"23":1,"24":1,"25":1,"26":1,"27":2,"28":2,"29":2,"30":2,"31":2,"32":1,"33":1,"34":1,"35":1,"36":1,"37":2,"38":2,"39":2,"40":2,"41":2,"42":1,"43":1,"44":1,"45":1,"46":1,"47":2},"f":{"0":2,"1":3,"2":1,"3":2,"4":2,"5":2},"b":{"0":[1],"1":[1],"2":[1],"3":[1]}}
,"C:\\Users\\yamil.zavala\\Documents\\Anothers\\Full-Stack\\19.administracion-de-productos\\server\\src\\middleware\\index.ts": {"path":"C:\\Users\\yamil.zavala\\Documents\\Anothers\\Full-Stack\\19.administracion-de-productos\\server\\src\\middleware\\index.ts","statementMap":{"0":{"start":{"line":2,"column":0},"end":{"line":2,"column":53}},"1":{"start":{"line":4,"column":33},"end":{"line":11,"column":1}},"2":{"start":{"line":5,"column":17},"end":{"line":5,"column":38}},"3":{"start":{"line":6,"column":4},"end":{"line":9,"column":5}},"4":{"start":{"line":7,"column":8},"end":{"line":7,"column":null}},"5":{"start":{"line":8,"column":8},"end":{"line":8,"column":15}},"6":{"start":{"line":10,"column":4},"end":{"line":10,"column":null}},"7":{"start":{"line":4,"column":13},"end":{"line":4,"column":33}}},"fnMap":{"0":{"name":"(anonymous_0)","decl":{"start":{"line":4,"column":33},"end":{"line":4,"column":34}},"loc":{"start":{"line":4,"column":90},"end":{"line":11,"column":1}}}},"branchMap":{"0":{"loc":{"start":{"line":6,"column":4},"end":{"line":9,"column":5}},"type":"if","locations":[{"start":{"line":6,"column":4},"end":{"line":9,"column":5}}]}},"s":{"0":2,"1":2,"2":19,"3":19,"4":9,"5":9,"6":10,"7":2},"f":{"0":19},"b":{"0":[9]}}
,"C:\\Users\\yamil.zavala\\Documents\\Anothers\\Full-Stack\\19.administracion-de-productos\\server\\src\\models\\Product.model.ts": {"path":"C:\\Users\\yamil.zavala\\Documents\\Anothers\\Full-Stack\\19.administracion-de-productos\\server\\src\\models\\Product.model.ts","statementMap":{"0":{"start":{"line":1,"column":0},"end":{"line":1,"column":76}},"1":{"start":{"line":7,"column":0},"end":{"line":23,"column":null}},"2":{"start":{"line":11,"column":12},"end":{"line":11,"column":null}},"3":{"start":{"line":16,"column":12},"end":{"line":16,"column":null}},"4":{"start":{"line":22,"column":12},"end":{"line":22,"column":null}},"5":{"start":{"line":7,"column":6},"end":{"line":23,"column":null}},"6":{"start":{"line":25,"column":0},"end":{"line":25,"column":null}}},"fnMap":{},"branchMap":{},"s":{"0":2,"1":2,"2":2,"3":2,"4":2,"5":2,"6":2},"f":{},"b":{}}
,"C:\\Users\\yamil.zavala\\Documents\\Anothers\\Full-Stack\\19.administracion-de-productos\\server\\src\\routes\\products.routes.ts": {"path":"C:\\Users\\yamil.zavala\\Documents\\Anothers\\Full-Stack\\19.administracion-de-productos\\server\\src\\routes\\products.routes.ts","statementMap":{"0":{"start":{"line":1,"column":0},"end":{"line":1,"column":30}},"1":{"start":{"line":2,"column":0},"end":{"line":2,"column":45}},"2":{"start":{"line":4,"column":15},"end":{"line":4,"column":23}},"3":{"start":{"line":6,"column":0},"end":{"line":6,"column":null}},"4":{"start":{"line":14,"column":0},"end":{"line":14,"column":50}},"5":{"start":{"line":17,"column":0},"end":{"line":17,"column":null}},"6":{"start":{"line":19,"column":0},"end":{"line":22,"column":null}},"7":{"start":{"line":24,"column":0},"end":{"line":31,"column":23}},"8":{"start":{"line":29,"column":21},"end":{"line":29,"column":26}},"9":{"start":{"line":33,"column":0},"end":{"line":43,"column":null}},"10":{"start":{"line":39,"column":21},"end":{"line":39,"column":26}},"11":{"start":{"line":45,"column":0},"end":{"line":49,"column":null}},"12":{"start":{"line":51,"column":0},"end":{"line":54,"column":null}},"13":{"start":{"line":56,"column":0},"end":{"line":56,"column":22}}},"fnMap":{"0":{"name":"(anonymous_0)","decl":{"start":{"line":29,"column":16},"end":{"line":29,"column":17}},"loc":{"start":{"line":29,"column":21},"end":{"line":29,"column":26}}},"1":{"name":"(anonymous_1)","decl":{"start":{"line":39,"column":16},"end":{"line":39,"column":17}},"loc":{"start":{"line":39,"column":21},"end":{"line":39,"column":26}}}},"branchMap":{},"s":{"0":2,"1":2,"2":2,"3":2,"4":2,"5":2,"6":2,"7":2,"8":4,"9":2,"10":5,"11":2,"12":2,"13":2},"f":{"0":4,"1":5},"b":{}}
}
